<?xml version="1.0" encoding="UTF-8"?>
<testsuite name="de.seuhd.ktfuzzer.exec.SignalTest" tests="2" skipped="0" failures="0" errors="0" timestamp="2026-06-13T16:22:17.318Z" hostname="SIMBA" time="0.004">
  <properties/>
  <testcase name="known signal exit codes use the signal name()" classname="de.seuhd.ktfuzzer.exec.SignalTest" time="0.001"/>
  <testcase name="unknown crash exit codes stay numeric()" classname="de.seuhd.ktfuzzer.exec.SignalTest" time="0.001"/>
  <system-out><![CDATA[]]></system-out>
  <system-err><![CDATA[]]></system-err>
</testsuite>
