<?xml version="1.0" encoding="UTF-8"?>
<testsuite name="de.seuhd.ktfuzzer.MainCliTest" tests="12" skipped="0" failures="0" errors="0" timestamp="2026-06-15T00:48:33.217Z" hostname="fedora.fritz.box" time="0.152">
  <properties/>
  <testcase name="a configured binary that does not exist is a usage error(Path)" classname="de.seuhd.ktfuzzer.MainCliTest" time="0.07"/>
  <testcase name="finding a crash still returns zero by default, and writes the crash(Path)" classname="de.seuhd.ktfuzzer.MainCliTest" time="0.03"/>
  <testcase name="a clean run returns zero(Path)" classname="de.seuhd.ktfuzzer.MainCliTest" time="0.005"/>
  <testcase name="--help returns zero and prints to stdout()" classname="de.seuhd.ktfuzzer.MainCliTest" time="0.002"/>
  <testcase name="a missing target config is a usage error reported to stderr(Path)" classname="de.seuhd.ktfuzzer.MainCliTest" time="0.001"/>
  <testcase name="a run writes a parseable campaign-summary json to the output dir(Path)" classname="de.seuhd.ktfuzzer.MainCliTest" time="0.014"/>
  <testcase name="--fail-on-crash returns the crash code when a crash is found(Path)" classname="de.seuhd.ktfuzzer.MainCliTest" time="0.005"/>
  <testcase name="text mode writes the banner and result to stdout only(Path)" classname="de.seuhd.ktfuzzer.MainCliTest" time="0.004"/>
  <testcase name="grammar mode with an unreadable grammar is a usage error(Path)" classname="de.seuhd.ktfuzzer.MainCliTest" time="0.002"/>
  <testcase name="a target config missing required fields is a usage error(Path)" classname="de.seuhd.ktfuzzer.MainCliTest" time="0.002"/>
  <testcase name="mutational mode with unreadable seeds is a usage error(Path)" classname="de.seuhd.ktfuzzer.MainCliTest" time="0.002"/>
  <testcase name="a parse error returns the usage code and reports to stderr()" classname="de.seuhd.ktfuzzer.MainCliTest" time="0.001"/>
  <system-out><![CDATA[]]></system-out>
  <system-err><![CDATA[]]></system-err>
</testsuite>
