<?xml version="1.0" encoding="UTF-8"?>
<testsuite name="de.seuhd.ktfuzzer.exec.BinaryTargetTest" tests="3" skipped="0" failures="0" errors="0" timestamp="2026-06-15T00:48:33.402Z" hostname="fedora.fritz.box" time="0.023">
  <properties/>
  <testcase name="the expected set is configurable(Path)" classname="de.seuhd.ktfuzzer.exec.BinaryTargetTest" time="0.011"/>
  <testcase name="expected exit codes are normal runs(Path)" classname="de.seuhd.ktfuzzer.exec.BinaryTargetTest" time="0.005"/>
  <testcase name="any code outside the expected set is a crash that preserves output(Path)" classname="de.seuhd.ktfuzzer.exec.BinaryTargetTest" time="0.004"/>
  <system-out><![CDATA[]]></system-out>
  <system-err><![CDATA[]]></system-err>
</testsuite>
