<?xml version="1.0" encoding="UTF-8"?>
<testsuite name="de.seuhd.ktfuzzer.engine.FileCrashSinkTest" tests="3" skipped="0" failures="0" errors="0" timestamp="2026-06-15T00:48:33.370Z" hostname="fedora.fritz.box" time="0.01">
  <properties/>
  <testcase name="the sink reports a crash as new or a duplicate by content and exit code(Path)" classname="de.seuhd.ktfuzzer.engine.FileCrashSinkTest" time="0.003"/>
  <testcase name="crashes are grouped by exit code, one folder per distinct input(Path)" classname="de.seuhd.ktfuzzer.engine.FileCrashSinkTest" time="0.003"/>
  <testcase name="each crash folder holds the input plus the target stdout and stderr(Path)" classname="de.seuhd.ktfuzzer.engine.FileCrashSinkTest" time="0.003"/>
  <system-out><![CDATA[]]></system-out>
  <system-err><![CDATA[]]></system-err>
</testsuite>
