<?xml version="1.0" encoding="UTF-8"?>
<testsuite name="de.seuhd.ktfuzzer.CliArgsTest" tests="20" skipped="0" failures="0" errors="0" timestamp="2026-06-15T00:48:33.126Z" hostname="fedora.fritz.box" time="0.089">
  <properties/>
  <testcase name="negative max-executions is a usage error()" classname="de.seuhd.ktfuzzer.CliArgsTest" time="0.046"/>
  <testcase name="--target sets the config path()" classname="de.seuhd.ktfuzzer.CliArgsTest" time="0.003"/>
  <testcase name="the output directory is parsed()" classname="de.seuhd.ktfuzzer.CliArgsTest" time="0.001"/>
  <testcase name="each mode value parses()" classname="de.seuhd.ktfuzzer.CliArgsTest" time="0.002"/>
  <testcase name="grammar numeric controls validate their ranges()" classname="de.seuhd.ktfuzzer.CliArgsTest" time="0.002"/>
  <testcase name="no arguments yields the default config()" classname="de.seuhd.ktfuzzer.CliArgsTest" time="0.002"/>
  <testcase name="an unknown mode is a usage error()" classname="de.seuhd.ktfuzzer.CliArgsTest" time="0.002"/>
  <testcase name="a positional argument is a usage error()" classname="de.seuhd.ktfuzzer.CliArgsTest" time="0.001"/>
  <testcase name="an unknown flag is a usage error()" classname="de.seuhd.ktfuzzer.CliArgsTest" time="0.0"/>
  <testcase name="negative lengths and an inverted range are usage errors()" classname="de.seuhd.ktfuzzer.CliArgsTest" time="0.0"/>
  <testcase name="max-executions of zero means unbounded()" classname="de.seuhd.ktfuzzer.CliArgsTest" time="0.001"/>
  <testcase name="help is recognized in both forms()" classname="de.seuhd.ktfuzzer.CliArgsTest" time="0.001"/>
  <testcase name="non-numeric values for numeric flags are usage errors()" classname="de.seuhd.ktfuzzer.CliArgsTest" time="0.001"/>
  <testcase name="a non-positive run timeout is a usage error()" classname="de.seuhd.ktfuzzer.CliArgsTest" time="0.001"/>
  <testcase name="a negative time limit is a usage error()" classname="de.seuhd.ktfuzzer.CliArgsTest" time="0.001"/>
  <testcase name="a flag missing its value is a usage error()" classname="de.seuhd.ktfuzzer.CliArgsTest" time="0.001"/>
  <testcase name="numeric flags are parsed()" classname="de.seuhd.ktfuzzer.CliArgsTest" time="0.001"/>
  <testcase name="length flags are parsed()" classname="de.seuhd.ktfuzzer.CliArgsTest" time="0.0"/>
  <testcase name="grammar recursion strategy parses()" classname="de.seuhd.ktfuzzer.CliArgsTest" time="0.001"/>
  <testcase name="boolean flags are parsed()" classname="de.seuhd.ktfuzzer.CliArgsTest" time="0.0"/>
  <system-out><![CDATA[]]></system-out>
  <system-err><![CDATA[]]></system-err>
</testsuite>
