<?xml version="1.0" encoding="UTF-8"?>
<testsuite name="de.seuhd.ktfuzzer.mode.grammar.EbnfGrammarParserTest" tests="11" skipped="0" failures="0" errors="0" timestamp="2026-06-14T23:53:17.111Z" hostname="fedora.fritz.box" time="0.021">
  <properties/>
  <testcase name="repetition, optional, and group are parsed()" classname="de.seuhd.ktfuzzer.mode.grammar.EbnfGrammarParserTest" time="0.003"/>
  <testcase name="loads and parses the toml_parser grammar()" classname="de.seuhd.ktfuzzer.mode.grammar.EbnfGrammarParserTest" time="0.002"/>
  <testcase name="a comment is skipped()" classname="de.seuhd.ktfuzzer.mode.grammar.EbnfGrammarParserTest" time="0.001"/>
  <testcase name="an undefined non-terminal nested in any construct is rejected()" classname="de.seuhd.ktfuzzer.mode.grammar.EbnfGrammarParserTest" time="0.008"/>
  <testcase name="an unterminated comment is rejected()" classname="de.seuhd.ktfuzzer.mode.grammar.EbnfGrammarParserTest" time="0.0"/>
  <testcase name="terminal escapes are interpreted, including the quote terminal()" classname="de.seuhd.ktfuzzer.mode.grammar.EbnfGrammarParserTest" time="0.001"/>
  <testcase name="a missing terminator is rejected()" classname="de.seuhd.ktfuzzer.mode.grammar.EbnfGrammarParserTest" time="0.0"/>
  <testcase name="an undefined non-terminal is rejected()" classname="de.seuhd.ktfuzzer.mode.grammar.EbnfGrammarParserTest" time="0.0"/>
  <testcase name="value is a choice of basicstring and array()" classname="de.seuhd.ktfuzzer.mode.grammar.EbnfGrammarParserTest" time="0.001"/>
  <testcase name="escapes are interpreted in an inline grammar()" classname="de.seuhd.ktfuzzer.mode.grammar.EbnfGrammarParserTest" time="0.0"/>
  <testcase name="a small grammar round-trips to the expected tree()" classname="de.seuhd.ktfuzzer.mode.grammar.EbnfGrammarParserTest" time="0.0"/>
  <system-out><![CDATA[]]></system-out>
  <system-err><![CDATA[]]></system-err>
</testsuite>
