<?xml version="1.0" encoding="UTF-8"?>
<testsuite name="de.seuhd.ktfuzzer.MainCliTest" tests="12" skipped="0" failures="0" errors="0" timestamp="2026-06-13T16:22:16.859Z" hostname="SIMBA" time="0.349">
  <properties/>
  <testcase name="a configured binary that does not exist is a usage error(Path)" classname="de.seuhd.ktfuzzer.MainCliTest" time="0.127"/>
  <testcase name="finding a crash still returns zero by default, and writes the crash(Path)" classname="de.seuhd.ktfuzzer.MainCliTest" time="0.071"/>
  <testcase name="a clean run returns zero(Path)" classname="de.seuhd.ktfuzzer.MainCliTest" time="0.014"/>
  <testcase name="--help returns zero and prints to stdout()" classname="de.seuhd.ktfuzzer.MainCliTest" time="0.006"/>
  <testcase name="a missing target config is a usage error reported to stderr(Path)" classname="de.seuhd.ktfuzzer.MainCliTest" time="0.006"/>
  <testcase name="a run writes a parseable campaign-summary json to the output dir(Path)" classname="de.seuhd.ktfuzzer.MainCliTest" time="0.04"/>
  <testcase name="--fail-on-crash returns the crash code when a crash is found(Path)" classname="de.seuhd.ktfuzzer.MainCliTest" time="0.018"/>
  <testcase name="text mode writes the banner and result to stdout only(Path)" classname="de.seuhd.ktfuzzer.MainCliTest" time="0.01"/>
  <testcase name="grammar mode with an unreadable grammar is a usage error(Path)" classname="de.seuhd.ktfuzzer.MainCliTest" time="0.008"/>
  <testcase name="a target config missing required fields is a usage error(Path)" classname="de.seuhd.ktfuzzer.MainCliTest" time="0.009"/>
  <testcase name="mutational mode with unreadable seeds is a usage error(Path)" classname="de.seuhd.ktfuzzer.MainCliTest" time="0.017"/>
  <testcase name="a parse error returns the usage code and reports to stderr()" classname="de.seuhd.ktfuzzer.MainCliTest" time="0.002"/>
  <system-out><![CDATA[]]></system-out>
  <system-err><![CDATA[]]></system-err>
</testsuite>
