<?xml version="1.0" encoding="UTF-8"?>
<testsuite name="de.seuhd.ktfuzzer.exec.SignalTest" tests="2" skipped="0" failures="0" errors="0" timestamp="2026-06-15T00:48:33.425Z" hostname="fedora.fritz.box" time="0.002">
  <properties/>
  <testcase name="known signal exit codes use the signal name()" classname="de.seuhd.ktfuzzer.exec.SignalTest" time="0.0"/>
  <testcase name="unknown crash exit codes stay numeric()" classname="de.seuhd.ktfuzzer.exec.SignalTest" time="0.001"/>
  <system-out><![CDATA[]]></system-out>
  <system-err><![CDATA[]]></system-err>
</testsuite>
