<?xml version="1.0" encoding="UTF-8"?>
<testsuite name="de.seuhd.ktfuzzer.engine.StopPolicyTest" tests="5" skipped="0" failures="0" errors="0" timestamp="2026-06-15T00:48:33.397Z" hostname="fedora.fritz.box" time="0.005">
  <properties/>
  <testcase name="max-executions takes precedence over time-limit when both bounds are met()" classname="de.seuhd.ktfuzzer.engine.StopPolicyTest" time="0.0"/>
  <testcase name="time-limit stops once the wall-clock limit elapses()" classname="de.seuhd.ktfuzzer.engine.StopPolicyTest" time="0.0"/>
  <testcase name="stop-on-crash stops at the first crash and takes precedence()" classname="de.seuhd.ktfuzzer.engine.StopPolicyTest" time="0.0"/>
  <testcase name="max-executions stops once the cap is reached()" classname="de.seuhd.ktfuzzer.engine.StopPolicyTest" time="0.001"/>
  <testcase name="an unbounded policy never stops the run()" classname="de.seuhd.ktfuzzer.engine.StopPolicyTest" time="0.001"/>
  <system-out><![CDATA[]]></system-out>
  <system-err><![CDATA[]]></system-err>
</testsuite>
